<?xml version="1.0" encoding="UTF-8"?>
<testsuite name="com.vm.HotelControllerTest" time="0.283" tests="1" errors="0" skipped="0" failures="1">
  <properties>
[...]
</properties>
  <testcase name="shouldHaveEmptyDB" classname="com.vm.HotelControllerTest" time="0.283">
    <failure message="Status expected:&lt;200&gt; but was:&lt;405&gt;" type="java.lang.AssertionError"><![CDATA[java.lang.AssertionError: Status expected:<200> but was:<405>
	at org.springframework.test.util.AssertionErrors.fail(AssertionErrors.java:54)
	at org.springframework.test.util.AssertionErrors.assertEquals(AssertionErrors.java:81)
	at org.springframework.test.web.servlet.result.StatusResultMatchers$10.match(StatusResultMatchers.java:665)
	at org.springframework.test.web.servlet.MockMvc$1.andExpect(MockMvc.java:171)
	at com.vm.HotelControllerTest.shouldHaveEmptyDB(HotelControllerTest.java:58)
]]></failure>
    <system-out><![CDATA[2018-05-05 11:24:22.050  INFO 4108 --- [           main] .b.t.c.SpringBootTestContextBootstrapper : Neither @ContextConfiguration nor @ContextHierarchy found for test class [com.vm.HotelControllerTest], using SpringBootContextLoader
2018-05-05 11:24:22.052  INFO 4108 --- [           main] o.s.t.c.support.AbstractContextLoader    : Could not detect default resource locations for test class [com.vm.HotelControllerTest]: no resource found for suffixes {-context.xml, Context.groovy}.
2018-05-05 11:24:22.075  INFO 4108 --- [           main] .b.t.c.SpringBootTestContextBootstrapper : Loaded default TestExecutionListener class names from location [META-INF/spring.factories]: [org.springframework.boot.test.mock.mockito.MockitoTestExecutionListener, org.springframework.boot.test.mock.mockito.ResetMocksTestExecutionListener, org.springframework.boot.test.autoconfigure.restdocs.RestDocsTestExecutionListener, org.springframework.boot.test.autoconfigure.web.client.MockRestServiceServerResetTestExecutionListener, org.springframework.boot.test.autoconfigure.web.servlet.MockMvcPrintOnlyOnFailureTestExecutionListener, org.springframework.boot.test.autoconfigure.web.servlet.WebDriverTestExecutionListener, org.springframework.test.context.web.ServletTestExecutionListener, org.springframework.test.context.support.DirtiesContextBeforeModesTestExecutionListener, org.springframework.test.context.support.DependencyInjectionTestExecutionListener, org.springframework.test.context.support.DirtiesContextTestExecutionListener, org.springframework.test.context.transaction.TransactionalTestExecutionListener, org.springframework.test.context.jdbc.SqlScriptsTestExecutionListener]
2018-05-05 11:24:22.122  INFO 4108 --- [           main] .b.t.c.SpringBootTestContextBootstrapper : Could not instantiate TestExecutionListener [org.springframework.test.context.transaction.TransactionalTestExecutionListener]. Specify custom listener classes or make the default listener classes (and their required dependencies) available. Offending class: [org/springframework/transaction/interceptor/TransactionAttributeSource]
2018-05-05 11:24:22.123  INFO 4108 --- [           main] .b.t.c.SpringBootTestContextBootstrapper : Could not instantiate TestExecutionListener [org.springframework.test.context.jdbc.SqlScriptsTestExecutionListener]. Specify custom listener classes or make the default listener classes (and their required dependencies) available. Offending class: [org/springframework/transaction/interceptor/TransactionAttribute]
2018-05-05 11:24:22.123  INFO 4108 --- [           main] .b.t.c.SpringBootTestContextBootstrapper : Using TestExecutionListeners: [org.springframework.test.context.web.ServletTestExecutionListener@3e14d390, org.springframework.test.context.support.DirtiesContextBeforeModesTestExecutionListener@5eb87338, org.springframework.boot.test.autoconfigure.SpringBootDependencyInjectionTestExecutionListener@2b999ee8, org.springframework.test.context.support.DirtiesContextTestExecutionListener@31ab1e67, org.springframework.boot.test.autoconfigure.restdocs.RestDocsTestExecutionListener@29bbc391, org.springframework.boot.test.autoconfigure.web.client.MockRestServiceServerResetTestExecutionListener@3487442d, org.springframework.boot.test.mock.mockito.ResetMocksTestExecutionListener@530ee28b, org.springframework.boot.test.autoconfigure.web.servlet.MockMvcPrintOnlyOnFailureTestExecutionListener@3a3f96ab, org.springframework.boot.test.mock.mockito.MockitoTestExecutionListener@4def7d36, org.springframework.boot.test.autoconfigure.web.servlet.WebDriverTestExecutionListener@43c7fe8a]
2018-05-05 11:24:22.243  WARN 4108 --- [           main] ory$DuplicateJsonObjectContextCustomizer : 

Found multiple occurrences of org.json.JSONObject on the class path:

	jar:file:/C:/Users/indian/.m2/repository/org/json/json/20140107/json-20140107.jar!/org/json/JSONObject.class
	jar:file:/C:/Users/indian/.m2/repository/com/vaadin/external/google/android-json/0.0.20131108.vaadin1/android-json-0.0.20131108.vaadin1.jar!/org/json/JSONObject.class

You may wish to exclude one of them to ensure predictable runtime behaviour

2018-05-05 11:24:22.245  INFO 4108 --- [           main] com.vm.HotelControllerTest               : Starting HotelControllerTest on DESKTOP-D3KNJEP with PID 4108 (started by indian in F:\work\Java\SBTest)
2018-05-05 11:24:22.245  INFO 4108 --- [           main] com.vm.HotelControllerTest               : The following profiles are active: test
2018-05-05 11:24:22.254  INFO 4108 --- [           main] o.s.w.c.s.GenericWebApplicationContext   : Refreshing org.springframework.web.context.support.GenericWebApplicationContext@3f5dfe69: startup date [Sat May 05 11:24:22 IST 2018]; root of context hierarchy
2018-05-05 11:24:24.543  INFO 4108 --- [           main] com.vm.config.cors.SimpleCORSFilter      : SimpleCORSFilter init
2018-05-05 11:24:25.078  INFO 4108 --- [           main] s.w.s.m.m.a.RequestMappingHandlerMapping : Mapped "{[/smslistener/sl/v1/mo/sms/partnername/dc1],methods=[GET],produces=[application/json]}" onto public java.lang.String com.vm.controller.CustomRestReq.get(java.lang.String,java.lang.String,java.lang.String,java.lang.String,java.lang.String)
2018-05-05 11:24:25.080  INFO 4108 --- [           main] s.w.s.m.m.a.RequestMappingHandlerMapping : Mapped "{[/example/v1/hotels/{id}],methods=[DELETE],produces=[application/json || application/xml]}" onto public void com.vm.controller.HotelController.deleteHotel(java.lang.Long,javax.servlet.http.HttpServletRequest,javax.servlet.http.HttpServletResponse)
2018-05-05 11:24:25.082  INFO 4108 --- [           main] s.w.s.m.m.a.RequestMappingHandlerMapping : Mapped "{[/api/sms/getmessages],methods=[GET],produces=[application/json]}" onto public org.springframework.http.ResponseEntity<java.util.Map<java.lang.String, java.lang.String>> com.vm.controller.SmsController.get()
2018-05-05 11:24:25.083  INFO 4108 --- [           main] s.w.s.m.m.a.RequestMappingHandlerMapping : Mapped "{[/api/sms/getsms/{message}],methods=[PUT],consumes=[text/plain],produces=[text/plain]}" onto public java.lang.String com.vm.controller.SmsController.getInfo(java.lang.String)
2018-05-05 11:24:25.084  INFO 4108 --- [           main] s.w.s.m.m.a.RequestMappingHandlerMapping : Mapped "{[/api/sms/modemreq],methods=[GET],produces=[text/plain]}" onto public java.lang.String com.vm.controller.SmsController.getModemResonse(java.lang.String,java.lang.String)
2018-05-05 11:24:25.086  INFO 4108 --- [           main] s.w.s.m.m.a.RequestMappingHandlerMapping : Mapped "{[/v1/api/queues/manage/all],methods=[POST],produces=[application/json]}" onto public java.util.List<com.vm.beans.smt.ManageQResponse> com.vm.controller.SmtController.getManageQInfo(com.vm.beans.smt.InQReq)
2018-05-05 11:24:25.087  INFO 4108 --- [           main] s.w.s.m.m.a.RequestMappingHandlerMapping : Mapped "{[/v1/api/auth/validateuser],methods=[POST],produces=[application/json]}" onto public com.vm.beans.smt.AuthResponse com.vm.controller.SmtController.auth(com.vm.beans.User)
2018-05-05 11:24:25.087  INFO 4108 --- [           main] s.w.s.m.m.a.RequestMappingHandlerMapping : Mapped "{[/v1/api/queues/in/all],methods=[POST],produces=[application/json]}" onto public java.util.List<com.vm.beans.smt.InQResponse> com.vm.controller.SmtController.getInQInfo(com.vm.beans.smt.InQReq)
2018-05-05 11:24:25.088  INFO 4108 --- [           main] s.w.s.m.m.a.RequestMappingHandlerMapping : Mapped "{[/v1/api/queues/out/all],methods=[POST],produces=[application/json]}" onto public java.util.List<com.vm.beans.smt.OutQResponse> com.vm.controller.SmtController.getOutQInfo(com.vm.beans.smt.InQReq)
2018-05-05 11:24:25.094  INFO 4108 --- [           main] s.w.s.m.m.a.RequestMappingHandlerMapping : Mapped "{[/api/auth],methods=[POST],produces=[application/json]}" onto public javax.ws.rs.core.Response com.vm.controller.Test.authenticate(com.vm.beans.User)
2018-05-05 11:24:25.095  INFO 4108 --- [           main] s.w.s.m.m.a.RequestMappingHandlerMapping : Mapped "{[/api/incomingQueueInfo],methods=[GET],produces=[application/json]}" onto public java.util.List<com.vm.beans.IncomingQueueResp> com.vm.controller.Test.getIncomingQueueInfo(javax.servlet.http.HttpServletRequest)
2018-05-05 11:24:25.096  INFO 4108 --- [           main] s.w.s.m.m.a.RequestMappingHandlerMapping : Mapped "{[/api/outgoingQueueInfo],methods=[GET],produces=[application/json]}" onto public java.util.List<com.vm.beans.OutgoingQueueResp> com.vm.controller.Test.getOutgoingQueueInfo(javax.servlet.http.HttpServletRequest)
2018-05-05 11:24:25.096  INFO 4108 --- [           main] s.w.s.m.m.a.RequestMappingHandlerMapping : Mapped "{[/api/checkstatusinfo],methods=[POST],produces=[application/json]}" onto public java.util.List<com.vm.beans.CheckInfoResp> com.vm.controller.Test.getCheckStatusInfo(javax.servlet.http.HttpServletRequest,com.vm.beans.CheckInfo)
2018-05-05 11:24:25.097  INFO 4108 --- [           main] s.w.s.m.m.a.RequestMappingHandlerMapping : Mapped "{[/api/blockingqueueinfo],methods=[GET],produces=[application/json]}" onto public java.util.List<com.vm.beans.BlockingQueueResp> com.vm.controller.Test.getBlockingQueueInfo(javax.servlet.http.HttpServletRequest)
2018-05-05 11:24:25.098  INFO 4108 --- [           main] s.w.s.m.m.a.RequestMappingHandlerMapping : Mapped "{[/api/esmetoggleresp],methods=[POST],produces=[application/json]}" onto public java.util.List<com.vm.beans.EsmeToggelResp> com.vm.controller.Test.getEsmeToggelResp(javax.servlet.http.HttpServletRequest,com.vm.beans.EsmeReq)
2018-05-05 11:24:25.098  INFO 4108 --- [           main] s.w.s.m.m.a.RequestMappingHandlerMapping : Mapped "{[/api/esmedata],methods=[POST],produces=[application/json]}" onto public java.util.List<com.vm.beans.EsmeData> com.vm.controller.Test.getEsmeData(javax.servlet.http.HttpServletRequest,com.vm.beans.EsmeReq)
2018-05-05 11:24:25.099  INFO 4108 --- [           main] s.w.s.m.m.a.RequestMappingHandlerMapping : Mapped "{[/api/ctt],methods=[GET],produces=[application/json]}" onto public java.util.List<com.vm.beans.CttResponse> com.vm.controller.Test.getCttInfo(javax.servlet.http.HttpServletRequest)
2018-05-05 11:24:25.100  INFO 4108 --- [           main] s.w.s.m.m.a.RequestMappingHandlerMapping : Mapped "{[/api/authenticate],methods=[POST],produces=[application/json]}" onto public com.vm.beans.UserResponse com.vm.controller.Test.auth(com.vm.beans.User)
2018-05-05 11:24:25.101  INFO 4108 --- [           main] s.w.s.m.m.a.RequestMappingHandlerMapping : Mapped "{[/api/esme/status],methods=[GET],produces=[application/json]}" onto public java.util.List<com.vm.EsmeStatus> com.vm.controller.Test.esmeStatus()
2018-05-05 11:24:25.102  INFO 4108 --- [           main] s.w.s.m.m.a.RequestMappingHandlerMapping : Mapped "{[/api/esmelist],methods=[GET],produces=[application/json]}" onto public java.util.List<com.vm.beans.EsmeList> com.vm.controller.Test.getEsmeList(javax.servlet.http.HttpServletRequest)
2018-05-05 11:24:25.104  INFO 4108 --- [           main] s.w.s.m.m.a.RequestMappingHandlerMapping : Mapped "{[/api/user],methods=[GET],produces=[application/json]}" onto public com.vm.beans.User com.vm.controller.Test.getUser()
2018-05-05 11:24:25.105  INFO 4108 --- [           main] s.w.s.m.m.a.RequestMappingHandlerMapping : Mapped "{[/api/upload/multi],methods=[POST],produces=[application/json]}" onto public java.lang.String com.vm.controller.Test.uploadFileMulti(java.lang.String,org.springframework.web.multipart.MultipartFile[])
2018-05-05 11:24:25.107  INFO 4108 --- [           main] s.w.s.m.m.a.RequestMappingHandlerMapping : Mapped "{[/api/upload],methods=[POST],produces=[application/json]}" onto public com.vm.beans.UploadResponse com.vm.controller.Test.uploadFile(javax.servlet.http.HttpServletRequest,org.springframework.web.multipart.MultipartFile) throws java.io.IOException
2018-05-05 11:24:25.109  INFO 4108 --- [           main] s.w.s.m.m.a.RequestMappingHandlerMapping : Mapped "{[/api/post],methods=[POST]}" onto public org.springframework.http.ResponseEntity<java.lang.String> com.vm.controller.Test.handleFileUpload(org.springframework.web.multipart.MultipartFile)
2018-05-05 11:24:25.125  INFO 4108 --- [           main] s.w.s.m.m.a.RequestMappingHandlerMapping : Mapped "{[/api/esmeinfo],methods=[GET],produces=[application/json]}" onto public java.util.List<com.vm.beans.EsmeResp> com.vm.controller.Test.getEsmeInfo(javax.servlet.http.HttpServletRequest)
2018-05-05 11:24:25.134  INFO 4108 --- [           main] s.w.s.m.m.a.RequestMappingHandlerMapping : Mapped "{[/api/data/get],methods=[GET],produces=[application/json]}" onto public org.springframework.http.ResponseEntity<java.util.Map<java.lang.String, java.lang.String>> com.vm.controller.TestController.get()
2018-05-05 11:24:25.136  INFO 4108 --- [           main] s.w.s.m.m.a.RequestMappingHandlerMapping : Mapped "{[/api/data/test],methods=[GET],produces=[application/json]}" onto public javax.ws.rs.core.Response com.vm.controller.TestController.test()
2018-05-05 11:24:25.138  INFO 4108 --- [           main] s.w.s.m.m.a.RequestMappingHandlerMapping : Mapped "{[/api/data/testvm],methods=[GET],produces=[application/json]}" onto public org.springframework.http.ResponseEntity com.vm.controller.TestController.testVM()
2018-05-05 11:24:25.140  INFO 4108 --- [           main] s.w.s.m.m.a.RequestMappingHandlerMapping : Mapped "{[/api/data/sms],methods=[POST],consumes=[application/xml],produces=[application/xml]}" onto public com.vm.beans.xml.MessageResp com.vm.controller.TestController.sms(com.vm.beans.xml.MessageReq) throws org.springframework.http.converter.HttpMessageNotReadableException
2018-05-05 11:24:25.142  INFO 4108 --- [           main] s.w.s.m.m.a.RequestMappingHandlerMapping : Mapped "{[/v2/api-docs],methods=[GET],produces=[application/json || application/hal+json]}" onto public org.springframework.http.ResponseEntity<springfox.documentation.spring.web.json.Json> springfox.documentation.swagger2.web.Swagger2Controller.getDocumentation(java.lang.String,javax.servlet.http.HttpServletRequest)
2018-05-05 11:24:25.150  INFO 4108 --- [           main] s.w.s.m.m.a.RequestMappingHandlerMapping : Mapped "{[/swagger-resources/configuration/ui]}" onto org.springframework.http.ResponseEntity<springfox.documentation.swagger.web.UiConfiguration> springfox.documentation.swagger.web.ApiResourceController.uiConfiguration()
2018-05-05 11:24:25.152  INFO 4108 --- [           main] s.w.s.m.m.a.RequestMappingHandlerMapping : Mapped "{[/swagger-resources]}" onto org.springframework.http.ResponseEntity<java.util.List<springfox.documentation.swagger.web.SwaggerResource>> springfox.documentation.swagger.web.ApiResourceController.swaggerResources()
2018-05-05 11:24:25.154  INFO 4108 --- [           main] s.w.s.m.m.a.RequestMappingHandlerMapping : Mapped "{[/swagger-resources/configuration/security]}" onto org.springframework.http.ResponseEntity<springfox.documentation.swagger.web.SecurityConfiguration> springfox.documentation.swagger.web.ApiResourceController.securityConfiguration()
2018-05-05 11:24:25.158  INFO 4108 --- [           main] s.w.s.m.m.a.RequestMappingHandlerMapping : Mapped "{[/error]}" onto public org.springframework.http.ResponseEntity<java.util.Map<java.lang.String, java.lang.Object>> org.springframework.boot.autoconfigure.web.BasicErrorController.error(javax.servlet.http.HttpServletRequest)
2018-05-05 11:24:25.161  INFO 4108 --- [           main] s.w.s.m.m.a.RequestMappingHandlerMapping : Mapped "{[/error],produces=[text/html]}" onto public org.springframework.web.servlet.ModelAndView org.springframework.boot.autoconfigure.web.BasicErrorController.errorHtml(javax.servlet.http.HttpServletRequest,javax.servlet.http.HttpServletResponse)
2018-05-05 11:24:26.021  INFO 4108 --- [           main] s.w.s.m.m.a.RequestMappingHandlerAdapter : Looking for @ControllerAdvice: org.springframework.web.context.support.GenericWebApplicationContext@3f5dfe69: startup date [Sat May 05 11:24:22 IST 2018]; root of context hierarchy
2018-05-05 11:24:26.078  INFO 4108 --- [           main] o.s.w.s.handler.SimpleUrlHandlerMapping  : Mapped URL path [/webjars/**] onto handler of type [class org.springframework.web.servlet.resource.ResourceHttpRequestHandler]
2018-05-05 11:24:26.078  INFO 4108 --- [           main] o.s.w.s.handler.SimpleUrlHandlerMapping  : Mapped URL path [/**] onto handler of type [class org.springframework.web.servlet.resource.ResourceHttpRequestHandler]
2018-05-05 11:24:26.143  INFO 4108 --- [           main] o.s.w.s.handler.SimpleUrlHandlerMapping  : Mapped URL path [/**/favicon.ico] onto handler of type [class org.springframework.web.servlet.resource.ResourceHttpRequestHandler]
2018-05-05 11:24:26.504  INFO 4108 --- [           main] o.s.c.support.DefaultLifecycleProcessor  : Starting beans in phase 2147483647
2018-05-05 11:24:26.504  INFO 4108 --- [           main] d.s.w.p.DocumentationPluginsBootstrapper : Context refreshed
2018-05-05 11:24:26.507  INFO 4108 --- [           main] d.s.w.p.DocumentationPluginsBootstrapper : Found 1 custom documentation plugin(s)
2018-05-05 11:24:26.516  INFO 4108 --- [           main] s.d.s.w.s.ApiListingReferenceScanner     : Scanning for api listing references
2018-05-05 11:24:27.087  INFO 4108 --- [           main] .d.s.w.r.o.CachingOperationNameGenerator : Generating unique operation named: getUsingGET_1
2018-05-05 11:24:27.173  INFO 4108 --- [           main] com.vm.HotelControllerTest               : Started HotelControllerTest in 5.013 seconds (JVM running for 80.146)
2018-05-05 11:24:27.229  INFO 4108 --- [           main] o.s.b.t.m.w.SpringBootMockServletContext : Initializing Spring FrameworkServlet ''
2018-05-05 11:24:27.229  INFO 4108 --- [           main] o.s.t.web.servlet.TestDispatcherServlet  : FrameworkServlet '': initialization started
2018-05-05 11:24:27.251  INFO 4108 --- [           main] o.s.t.web.servlet.TestDispatcherServlet  : FrameworkServlet '': initialization completed in 21 ms
2018-05-05 11:24:27.493  WARN 4108 --- [           main] o.s.web.servlet.PageNotFound             : Request method 'GET' not supported
]]></system-out>
  </testcase>
</testsuite>